<?xml version="1.0" encoding="UTF-8"?>
<!-- Generated by org.testng.reporters.JUnitXMLReporter -->
<testsuite ignored="0" hostname="DESKTOP-F6OAQES" failures="0" tests="3" name="SaveTestNGResultToExcel" time="11.236" errors="0" timestamp="2024-04-08T10:18:39 ICT">
  <testcase classname="poly.edu.Lab8.SaveTestNGResultToExcel" name="LaunchWebsite" time="3.668"/>
  <testcase classname="poly.edu.Lab8.SaveTestNGResultToExcel" name="FillLoginDetails" time="1.209"/>
  <testcase classname="poly.edu.Lab8.SaveTestNGResultToExcel" name="DoLogin" time="4.505"/>
</testsuite> <!-- SaveTestNGResultToExcel -->
