<?xml version="1.0" encoding="UTF-8"?>
<!-- Generated by org.testng.reporters.JUnitXMLReporter -->
<testsuite ignored="1" hostname="DESKTOP-F6OAQES" failures="0" tests="3" name="testing" time="0.05" errors="0" timestamp="2024-03-29T09:52:09 ICT">
  <testcase classname="fpoly.edu.vn.lab5.TestGroup" name="TestCase1" time="0.011"/>
  <testcase classname="fpoly.edu.vn.lab5.TestGroup" name="TestCase2" time="0.001"/>
  <testcase classname="fpoly.edu.vn.lab5.TestGroup" name="TestCase4" time="0.0"/>
  <testcase classname="fpoly.edu.vn.lab5.TestGroup" name="TestCase3" time="0.0">
    <ignored/>
  </testcase> <!-- TestCase3 -->
</testsuite> <!-- testing -->
