<?xml version="1.0" encoding="UTF-8"?>
<!-- Generated by org.testng.reporters.JUnitXMLReporter -->
<testsuite ignored="1" hostname="DESKTOP-F6OAQES" failures="0" tests="8" name="test" time="0.018" errors="0" timestamp="2024-04-05T19:19:26 ICT">
  <testcase classname="poly.edu.vn.Lab7.testclass" name="a1" time="0.001"/>
  <testcase classname="poly.edu.vn.Lab7.testclass" name="a2" time="0.001"/>
  <testcase classname="poly.edu.vn.Lab7.testclass1" name="t1" time="0.0"/>
  <testcase classname="poly.edu.vn.Lab7.testclass1" name="t2" time="0.001"/>
  <testcase classname="poly.edu.vn.Lab7.testclass1" name="t3" time="0.0"/>
  <testcase classname="poly.edu.vn.Lab7.testclass1" name="t4" time="0.001"/>
  <testcase classname="poly.edu.vn.Lab7.testclass1" name="t5" time="0.0"/>
  <testcase classname="poly.edu.vn.Lab7.testclass1" name="t5" time="0.001"/>
  <testcase classname="poly.edu.vn.Lab7.testclass" name="a3" time="0.0">
    <ignored/>
  </testcase> <!-- a3 -->
</testsuite> <!-- test -->
