<?xml version="1.0" encoding="UTF-8"?>
<!-- Generated by org.testng.reporters.JUnitXMLReporter -->
<testsuite ignored="0" hostname="DESKTOP-F6OAQES" failures="0" tests="3" name="Default test" time="12.872" errors="0" timestamp="2024-04-08T09:50:47 ICT">
  <testcase classname="poly.edu.Lab8.SaveTestNGResultToExcel" name="LaunchWebsite" time="4.889"/>
  <testcase classname="poly.edu.Lab8.SaveTestNGResultToExcel" name="FillLoginDetails" time="1.38"/>
  <testcase classname="poly.edu.Lab8.SaveTestNGResultToExcel" name="DoLogin" time="4.561"/>
</testsuite> <!-- Default test -->
