<?xml version="1.0" encoding="UTF-8"?>
<!-- Generated by org.testng.reporters.JUnitXMLReporter -->
<testsuite ignored="0" hostname="DESKTOP-F6OAQES" failures="0" tests="4" name="test2" time="0.01" errors="0" timestamp="2024-04-05T19:19:26 ICT">
  <testcase classname="poly.edu.vn.Lab7.testclass3" name="d1" time="0.002"/>
  <testcase classname="poly.edu.vn.Lab7.testclass3" name="d2" time="0.001"/>
  <testcase classname="poly.edu.vn.Lab7.FactoryInstantiatedTestclass" name="FactoryInstantiatedTestclass-Reports" time="0.001"/>
  <testcase classname="poly.edu.vn.Lab7.FactoryInstantiatedTestclass" name="FactoryInstantiatedTestclass-testNG" time="0.001"/>
</testsuite> <!-- test2 -->
