<?xml version="1.0" encoding="UTF-8"?>
<!-- Generated by org.testng.reporters.JUnitXMLReporter -->
<testsuite ignored="0" hostname="DESKTOP-F6OAQES" failures="0" tests="10" name="test1" time="0.079" errors="0" timestamp="2024-04-05T19:19:25 ICT">
  <testcase classname="poly.edu.vn.Lab7.testclass1" name="t1" time="0.01"/>
  <testcase classname="poly.edu.vn.Lab7.testclass1" name="t2" time="0.002"/>
  <testcase classname="poly.edu.vn.Lab7.testclass1" name="t3" time="0.002"/>
  <testcase classname="poly.edu.vn.Lab7.testclass1" name="t4" time="0.001"/>
  <testcase classname="poly.edu.vn.Lab7.testclass1" name="t5" time="0.003"/>
  <testcase classname="poly.edu.vn.Lab7.testclass1" name="t5" time="0.001"/>
  <testcase classname="poly.edu.vn.Lab7.testclass2" name="c1" time="0.001"/>
  <testcase classname="poly.edu.vn.Lab7.testclass2" name="c2" time="0.001"/>
  <testcase classname="poly.edu.vn.Lab7.testclass2" name="c3" time="0.001"/>
  <testcase classname="poly.edu.vn.Lab7.testclass2" name="c4" time="0.001"/>
</testsuite> <!-- test1 -->
