<?xml version="1.0" encoding="UTF-8"?>
<testng-results ignored="0" total="24" passed="24" failed="0" skipped="0">
  <reporter-output>
    <line>
      <![CDATA[Method name is e2]]>
    </line>
  </reporter-output>
  <suite started-at="2024-04-05T19:19:26 ICT" name="main-suite" finished-at="2024-04-05T19:19:26 ICT" duration-ms="18">
    <groups>
      <group name="myGroup">
        <method signature="testclass1.t1()[pri:0, instance:poly.edu.vn.Lab7.testclass1@57a3af25]" name="t1" class="poly.edu.vn.Lab7.testclass1"/>
        <method signature="testclass1.t2()[pri:0, instance:poly.edu.vn.Lab7.testclass1@57a3af25]" name="t2" class="poly.edu.vn.Lab7.testclass1"/>
        <method signature="testclass1.t3()[pri:0, instance:poly.edu.vn.Lab7.testclass1@57a3af25]" name="t3" class="poly.edu.vn.Lab7.testclass1"/>
      </group> <!-- myGroup -->
    </groups>
    <test started-at="2024-04-05T19:19:26 ICT" name="test" finished-at="2024-04-05T19:19:26 ICT" duration-ms="18">
      <class name="poly.edu.vn.Lab7.testclass1">
        <test-method signature="t1()[pri:0, instance:poly.edu.vn.Lab7.testclass1@57a3af25]" started-at="2024-04-05T19:19:26 ICT" name="t1" finished-at="2024-04-05T19:19:26 ICT" duration-ms="0" status="PASS">
          <reporter-output>
          </reporter-output>
        </test-method> <!-- t1 -->
        <test-method signature="t2()[pri:0, instance:poly.edu.vn.Lab7.testclass1@57a3af25]" started-at="2024-04-05T19:19:26 ICT" name="t2" finished-at="2024-04-05T19:19:26 ICT" duration-ms="1" status="PASS">
          <reporter-output>
          </reporter-output>
        </test-method> <!-- t2 -->
        <test-method signature="t3()[pri:0, instance:poly.edu.vn.Lab7.testclass1@57a3af25]" started-at="2024-04-05T19:19:26 ICT" name="t3" finished-at="2024-04-05T19:19:26 ICT" duration-ms="0" status="PASS">
          <reporter-output>
          </reporter-output>
        </test-method> <!-- t3 -->
        <test-method signature="t4()[pri:0, instance:poly.edu.vn.Lab7.testclass1@57a3af25]" started-at="2024-04-05T19:19:26 ICT" name="t4" finished-at="2024-04-05T19:19:26 ICT" duration-ms="1" status="PASS">
          <reporter-output>
          </reporter-output>
        </test-method> <!-- t4 -->
        <test-method signature="t5(java.lang.String)[pri:0, instance:poly.edu.vn.Lab7.testclass1@57a3af25]" started-at="2024-04-05T19:19:26 ICT" name="t5" data-provider="dp" finished-at="2024-04-05T19:19:26 ICT" duration-ms="0" status="PASS">
          <params>
            <param index="0">
              <value>
                <![CDATA[one]]>
              </value>
            </param>
          </params>
          <reporter-output>
          </reporter-output>
        </test-method> <!-- t5 -->
        <test-method signature="t5(java.lang.String)[pri:0, instance:poly.edu.vn.Lab7.testclass1@57a3af25]" started-at="2024-04-05T19:19:26 ICT" name="t5" data-provider="dp" finished-at="2024-04-05T19:19:26 ICT" duration-ms="1" status="PASS">
          <params>
            <param index="0">
              <value>
                <![CDATA[two]]>
              </value>
            </param>
          </params>
          <reporter-output>
          </reporter-output>
        </test-method> <!-- t5 -->
      </class> <!-- poly.edu.vn.Lab7.testclass1 -->
      <class name="poly.edu.vn.Lab7.testclass">
        <test-method signature="a1()[pri:0, instance:poly.edu.vn.Lab7.testclass@36902638]" started-at="2024-04-05T19:19:26 ICT" name="a1" finished-at="2024-04-05T19:19:26 ICT" duration-ms="1" status="PASS">
          <reporter-output>
          </reporter-output>
        </test-method> <!-- a1 -->
        <test-method signature="a2(java.lang.String)[pri:0, instance:poly.edu.vn.Lab7.testclass@36902638]" started-at="2024-04-05T19:19:26 ICT" name="a2" finished-at="2024-04-05T19:19:26 ICT" duration-ms="1" status="PASS">
          <params>
            <param index="0">
              <value>
                <![CDATA[]]>
              </value>
            </param>
          </params>
          <reporter-output>
          </reporter-output>
        </test-method> <!-- a2 -->
      </class> <!-- poly.edu.vn.Lab7.testclass -->
    </test> <!-- test -->
  </suite> <!-- main-suite -->
  <suite started-at="2024-04-05T19:19:26 ICT" name="suite2" finished-at="2024-04-05T19:19:26 ICT" duration-ms="7">
    <groups>
    </groups>
    <test started-at="2024-04-05T19:19:26 ICT" name="test" finished-at="2024-04-05T19:19:26 ICT" duration-ms="7">
      <class name="poly.edu.vn.Lab7.testclass4">
        <test-method signature="e1()[pri:0, instance:poly.edu.vn.Lab7.testclass4@229f66ed]" started-at="2024-04-05T19:19:26 ICT" name="e1" finished-at="2024-04-05T19:19:26 ICT" duration-ms="1" status="PASS">
          <reporter-output>
          </reporter-output>
        </test-method> <!-- e1 -->
        <test-method signature="e2()[pri:0, instance:poly.edu.vn.Lab7.testclass4@229f66ed]" started-at="2024-04-05T19:19:26 ICT" name="e2" finished-at="2024-04-05T19:19:26 ICT" duration-ms="1" status="PASS">
          <reporter-output>
            <line>
              <![CDATA[Method name is e2]]>
            </line>
          </reporter-output>
        </test-method> <!-- e2 -->
      </class> <!-- poly.edu.vn.Lab7.testclass4 -->
    </test> <!-- test -->
  </suite> <!-- suite2 -->
  <suite started-at="2024-04-05T19:19:25 ICT" name="suite1" finished-at="2024-04-05T19:19:26 ICT" duration-ms="148">
    <groups>
      <group name="myGroup">
        <method signature="testclass1.t1()[pri:0, instance:poly.edu.vn.Lab7.testclass1@2b71e916]" name="t1" class="poly.edu.vn.Lab7.testclass1"/>
        <method signature="testclass1.t2()[pri:0, instance:poly.edu.vn.Lab7.testclass1@2b71e916]" name="t2" class="poly.edu.vn.Lab7.testclass1"/>
        <method signature="testclass1.t3()[pri:0, instance:poly.edu.vn.Lab7.testclass1@2b71e916]" name="t3" class="poly.edu.vn.Lab7.testclass1"/>
        <method signature="testclass3.d1()[pri:0, instance:poly.edu.vn.Lab7.testclass3@2f4948e4]" name="d1" class="poly.edu.vn.Lab7.testclass3"/>
      </group> <!-- myGroup -->
    </groups>
    <test started-at="2024-04-05T19:19:25 ICT" name="test1" finished-at="2024-04-05T19:19:25 ICT" duration-ms="79">
      <class name="poly.edu.vn.Lab7.testclass1">
        <test-method signature="t1()[pri:0, instance:poly.edu.vn.Lab7.testclass1@2b71e916]" started-at="2024-04-05T19:19:25 ICT" name="t1" finished-at="2024-04-05T19:19:25 ICT" duration-ms="10" status="PASS">
          <reporter-output>
          </reporter-output>
        </test-method> <!-- t1 -->
        <test-method signature="t2()[pri:0, instance:poly.edu.vn.Lab7.testclass1@2b71e916]" started-at="2024-04-05T19:19:25 ICT" name="t2" finished-at="2024-04-05T19:19:25 ICT" duration-ms="2" status="PASS">
          <reporter-output>
          </reporter-output>
        </test-method> <!-- t2 -->
        <test-method signature="t3()[pri:0, instance:poly.edu.vn.Lab7.testclass1@2b71e916]" started-at="2024-04-05T19:19:25 ICT" name="t3" finished-at="2024-04-05T19:19:25 ICT" duration-ms="2" status="PASS">
          <reporter-output>
          </reporter-output>
        </test-method> <!-- t3 -->
        <test-method signature="t4()[pri:0, instance:poly.edu.vn.Lab7.testclass1@2b71e916]" started-at="2024-04-05T19:19:25 ICT" name="t4" finished-at="2024-04-05T19:19:25 ICT" duration-ms="1" status="PASS">
          <reporter-output>
          </reporter-output>
        </test-method> <!-- t4 -->
        <test-method signature="t5(java.lang.String)[pri:0, instance:poly.edu.vn.Lab7.testclass1@2b71e916]" started-at="2024-04-05T19:19:25 ICT" name="t5" data-provider="dp" finished-at="2024-04-05T19:19:25 ICT" duration-ms="3" status="PASS">
          <params>
            <param index="0">
              <value>
                <![CDATA[one]]>
              </value>
            </param>
          </params>
          <reporter-output>
          </reporter-output>
        </test-method> <!-- t5 -->
        <test-method signature="t5(java.lang.String)[pri:0, instance:poly.edu.vn.Lab7.testclass1@2b71e916]" started-at="2024-04-05T19:19:25 ICT" name="t5" data-provider="dp" finished-at="2024-04-05T19:19:25 ICT" duration-ms="1" status="PASS">
          <params>
            <param index="0">
              <value>
                <![CDATA[two]]>
              </value>
            </param>
          </params>
          <reporter-output>
          </reporter-output>
        </test-method> <!-- t5 -->
      </class> <!-- poly.edu.vn.Lab7.testclass1 -->
      <class name="poly.edu.vn.Lab7.testclass2">
        <test-method signature="c1()[pri:0, instance:poly.edu.vn.Lab7.testclass2@36fc695d]" started-at="2024-04-05T19:19:25 ICT" name="c1" finished-at="2024-04-05T19:19:25 ICT" duration-ms="1" status="PASS">
          <reporter-output>
          </reporter-output>
        </test-method> <!-- c1 -->
        <test-method signature="c2()[pri:0, instance:poly.edu.vn.Lab7.testclass2@36fc695d]" started-at="2024-04-05T19:19:25 ICT" name="c2" finished-at="2024-04-05T19:19:25 ICT" duration-ms="1" status="PASS">
          <reporter-output>
          </reporter-output>
        </test-method> <!-- c2 -->
        <test-method signature="c3()[pri:0, instance:poly.edu.vn.Lab7.testclass2@36fc695d]" started-at="2024-04-05T19:19:25 ICT" name="c3" finished-at="2024-04-05T19:19:25 ICT" duration-ms="1" status="PASS">
          <reporter-output>
          </reporter-output>
        </test-method> <!-- c3 -->
        <test-method signature="c4()[pri:0, instance:poly.edu.vn.Lab7.testclass2@36fc695d]" started-at="2024-04-05T19:19:25 ICT" name="c4" finished-at="2024-04-05T19:19:25 ICT" duration-ms="1" status="PASS">
          <reporter-output>
          </reporter-output>
        </test-method> <!-- c4 -->
      </class> <!-- poly.edu.vn.Lab7.testclass2 -->
    </test> <!-- test1 -->
    <test started-at="2024-04-05T19:19:25 ICT" name="test2" finished-at="2024-04-05T19:19:26 ICT" duration-ms="10">
      <class name="poly.edu.vn.Lab7.FactoryInstantiatedTestclass">
        <test-method signature="f()[pri:0, instance:poly.edu.vn.Lab7.FactoryInstantiatedTestclass@10683d9d, instance params:[]]" started-at="2024-04-05T19:19:25 ICT" name="f" test-instance-name="FactoryInstantiatedTestclass-Reports" finished-at="2024-04-05T19:19:25 ICT" duration-ms="1" status="PASS">
          <reporter-output>
          </reporter-output>
        </test-method> <!-- f -->
        <test-method signature="f()[pri:0, instance:poly.edu.vn.Lab7.FactoryInstantiatedTestclass@1f2586d6, instance params:[]]" started-at="2024-04-05T19:19:25 ICT" name="f" test-instance-name="FactoryInstantiatedTestclass-testNG" finished-at="2024-04-05T19:19:25 ICT" duration-ms="1" status="PASS">
          <reporter-output>
          </reporter-output>
        </test-method> <!-- f -->
      </class> <!-- poly.edu.vn.Lab7.FactoryInstantiatedTestclass -->
      <class name="poly.edu.vn.Lab7.testclass3">
        <test-method signature="d1()[pri:0, instance:poly.edu.vn.Lab7.testclass3@2f4948e4]" started-at="2024-04-05T19:19:25 ICT" name="d1" finished-at="2024-04-05T19:19:25 ICT" duration-ms="2" status="PASS">
          <reporter-output>
          </reporter-output>
        </test-method> <!-- d1 -->
        <test-method signature="d2()[pri:0, instance:poly.edu.vn.Lab7.testclass3@2f4948e4]" started-at="2024-04-05T19:19:25 ICT" name="d2" finished-at="2024-04-05T19:19:25 ICT" duration-ms="1" status="PASS">
          <reporter-output>
          </reporter-output>
        </test-method> <!-- d2 -->
      </class> <!-- poly.edu.vn.Lab7.testclass3 -->
    </test> <!-- test2 -->
  </suite> <!-- suite1 -->
</testng-results>
