<?xml version="1.0" encoding="UTF-8"?>
<testng-results ignored="0" total="2" passed="2" failed="0" skipped="0">
  <reporter-output>
  </reporter-output>
  <suite started-at="2024-04-03T11:07:47 ICT" name="Suite1" finished-at="2024-04-03T11:07:47 ICT" duration-ms="45">
    <groups>
    </groups>
    <test started-at="2024-04-03T11:07:47 ICT" name="Test1" finished-at="2024-04-03T11:07:47 ICT" duration-ms="45">
      <class name="poly.edu.vn.lab6.ParamtersTeting">
        <test-method signature="OpenBrowser(java.lang.String)[pri:0, instance:poly.edu.vn.lab6.ParamtersTeting@31c88ec8]" started-at="2024-04-03T11:07:47 ICT" name="OpenBrowser" finished-at="2024-04-03T11:07:47 ICT" duration-ms="11" status="PASS">
          <params>
            <param index="0">
              <value>
                <![CDATA[Chrome]]>
              </value>
            </param>
          </params>
          <reporter-output>
          </reporter-output>
        </test-method> <!-- OpenBrowser -->
        <test-method signature="login(java.lang.String,java.lang.String)[pri:0, instance:poly.edu.vn.lab6.ParamtersTeting@31c88ec8]" started-at="2024-04-03T11:07:47 ICT" name="login" finished-at="2024-04-03T11:07:47 ICT" duration-ms="3" status="PASS">
          <params>
            <param index="0">
              <value>
                <![CDATA[123]]>
              </value>
            </param>
            <param index="1">
              <value>
                <![CDATA[456]]>
              </value>
            </param>
          </params>
          <reporter-output>
          </reporter-output>
        </test-method> <!-- login -->
      </class> <!-- poly.edu.vn.lab6.ParamtersTeting -->
    </test> <!-- Test1 -->
  </suite> <!-- Suite1 -->
</testng-results>
