<?xml version="1.0" encoding="UTF-8"?>
<!-- Generated by org.testng.reporters.JUnitXMLReporter -->
<testsuite ignored="0" hostname="DESKTOP-F6OAQES" failures="0" tests="4" name="Regression suite 1" time="0.05" errors="0" timestamp="2024-03-24T18:14:19 ICT">
  <testcase classname="fpoly.edu.vn.lab5.TestCase1" name="firstTestCase" time="0.007"/>
  <testcase classname="fpoly.edu.vn.lab5.TestCase1" name="secondTestCase" time="0.001"/>
  <testcase classname="fpoly.edu.vn.lab5.TestCase2" name="firstTestCase" time="0.001"/>
  <testcase classname="fpoly.edu.vn.lab5.TestCase2" name="secondTestCase" time="0.001"/>
</testsuite> <!-- Regression suite 1 -->
